--------------------
Время вызова функции: 2023-08-16 14:12:54.391860
Имя функции: hello_world
Позиционные аргументы: ()
Именованные аргументы: {}
Функция возвращает 'Hello World'
--------------------
Время вызова функции: 2023-08-16 14:12:54.393835
Имя функции: summator
Позиционные аргументы: (2, 2)
Именованные аргументы: {}
Функция возвращает '4'
--------------------
Время вызова функции: 2023-08-16 14:12:54.395908
Имя функции: div
Позиционные аргументы: (6, 2)
Именованные аргументы: {}
Функция возвращает '3.0'
--------------------
Время вызова функции: 2023-08-16 14:12:54.397028
Имя функции: summator
Позиционные аргументы: (4.3,)
Именованные аргументы: {'b': 2.2}
Функция возвращает '6.5'
