--------------------
Время вызова функции: 2023-08-16 14:12:54.375936
Имя функции: hello_world
Позиционные аргументы: ()
Именованные аргументы: {}
Функция возвращает 'Hello World'
--------------------
Время вызова функции: 2023-08-16 14:12:54.376798
Имя функции: summator
Позиционные аргументы: (2, 2)
Именованные аргументы: {}
Функция возвращает '4'
--------------------
Время вызова функции: 2023-08-16 14:12:54.377797
Имя функции: div
Позиционные аргументы: (6, 2)
Именованные аргументы: {}
Функция возвращает '3.0'
--------------------
Время вызова функции: 2023-08-16 14:12:54.378798
Имя функции: summator
Позиционные аргументы: (4.3,)
Именованные аргументы: {'b': 2.2}
Функция возвращает '6.5'
--------------------
Время вызова функции: 2023-08-16 14:12:54.378798
Имя функции: summator
Позиционные аргументы: ()
Именованные аргументы: {'a': 0, 'b': 0}
Функция возвращает '0'
--------------------
Время вызова функции: 2023-08-16 14:12:54.439750
Имя функции: flag_generator
Позиционные аргументы: ([['a', 'b', 'c'], ['d', 'e', 'f', 'h', False], [1, 2, None]],)
Именованные аргументы: {}
Функция возвращает '<generator object flag_generator at 0x000001DE264CD8C0>'
